<?xml version="1.0" encoding="UTF-8"?>
<!-- Generated by org.testng.reporters.JUnitReportReporter -->
<testsuite hostname="alexandsmacbook.home" name="views.register.RegisterViewUnitTest" tests="4" failures="0" timestamp="6 Jul 2015 11:02:41 GMT" time="0.080" errors="0">
  <testcase name="testCreateContent" time="0.004" classname="views.register.RegisterViewUnitTest"/>
  <testcase name="testCreateBackground" time="0.068" classname="views.register.RegisterViewUnitTest"/>
  <testcase name="testCreateMenu" time="0.005" classname="views.register.RegisterViewUnitTest"/>
  <testcase name="testGetContent" time="0.003" classname="views.register.RegisterViewUnitTest"/>
</testsuite> <!-- views.register.RegisterViewUnitTest -->
