<?xml version="1.0" encoding="UTF-8"?>
<!-- Generated by org.testng.reporters.JUnitReportReporter -->
<testsuite hostname="alexandsmacbook.home" name="unit.views.LifetimeViewNGTest" tests="4" failures="0" timestamp="6 Jul 2015 11:02:41 GMT" time="0.272" errors="0">
  <testcase name="testGetMenu" time="0.008" classname="unit.views.LifetimeViewNGTest"/>
  <testcase name="testGetLanguage" time="0.015" classname="unit.views.LifetimeViewNGTest"/>
  <testcase name="testGetContent" time="0.023" classname="unit.views.LifetimeViewNGTest"/>
  <testcase name="testGetBackground" time="0.226" classname="unit.views.LifetimeViewNGTest"/>
</testsuite> <!-- unit.views.LifetimeViewNGTest -->
