<?xml version="1.0" encoding="UTF-8"?>
<!-- Generated by org.testng.reporters.JUnitReportReporter -->
<testsuite hostname="alexandsmacbook.home" name="views.welcome.WelcomeViewUnitTest" tests="3" failures="0" timestamp="6 Jul 2015 11:02:41 GMT" time="0.152" errors="0">
  <testcase name="testCreateContentView" time="0.003" classname="views.welcome.WelcomeViewUnitTest"/>
  <testcase name="testCreateMenuView" time="0.003" classname="views.welcome.WelcomeViewUnitTest"/>
  <testcase name="testCreateBackground" time="0.146" classname="views.welcome.WelcomeViewUnitTest"/>
</testsuite> <!-- views.welcome.WelcomeViewUnitTest -->
