<?xml version="1.0" encoding="UTF-8"?>
<!-- Generated by org.testng.reporters.JUnitReportReporter -->
<testsuite hostname="alexandsmacbook.home" name="views.welcome.WelcomeMenuUnitTest" tests="4" failures="0" timestamp="6 Jul 2015 11:02:41 GMT" time="0.049" errors="0">
  <testcase name="testGetLoginButton" time="0.001" classname="views.welcome.WelcomeMenuUnitTest"/>
  <testcase name="testGetContactButton" time="0.036" classname="views.welcome.WelcomeMenuUnitTest"/>
  <testcase name="testGetHomeButton" time="0.002" classname="views.welcome.WelcomeMenuUnitTest"/>
  <testcase name="testGetRegisterButton" time="0.010" classname="views.welcome.WelcomeMenuUnitTest"/>
</testsuite> <!-- views.welcome.WelcomeMenuUnitTest -->
