<?xml version="1.0" encoding="UTF-8"?>
<!-- Generated by org.testng.reporters.JUnitReportReporter -->
<testsuite hostname="alexandsmacbook.home" name="views.register.RegisterContentUnitTest" tests="1" failures="0" timestamp="6 Jul 2015 11:02:41 GMT" time="0.691" errors="0">
  <testcase name="testSomeMethod" time="0.691" classname="views.register.RegisterContentUnitTest"/>
</testsuite> <!-- views.register.RegisterContentUnitTest -->
