<?xml version="1.0" encoding="UTF-8"?>
<!-- Generated by org.testng.reporters.JUnitReportReporter -->
<testsuite hostname="alexandsmacbook.home" name="views.register.RegisterFormUnitNGTest" tests="25" failures="0" timestamp="6 Jul 2015 11:02:41 GMT" time="0.170" errors="0">
  <testcase name="testGetBirthDate" time="0.006" classname="views.register.RegisterFormUnitNGTest"/>
  <testcase name="testGetEmail" time="0.003" classname="views.register.RegisterFormUnitNGTest"/>
  <testcase name="testDefaultLanguageValueChange" time="0.032" classname="views.register.RegisterFormUnitNGTest"/>
  <testcase name="testGetDefaultLanguage" time="0.007" classname="views.register.RegisterFormUnitNGTest"/>
  <testcase name="testGetDefaultLanguage" time="0.006" classname="views.register.RegisterFormUnitNGTest"/>
  <testcase name="testGetLastname" time="0.007" classname="views.register.RegisterFormUnitNGTest"/>
  <testcase name="testDefaultLanguageValueChange" time="0.014" classname="views.register.RegisterFormUnitNGTest"/>
  <testcase name="testGetPasswordRepeat" time="0.005" classname="views.register.RegisterFormUnitNGTest"/>
  <testcase name="testGetLastname" time="0.003" classname="views.register.RegisterFormUnitNGTest"/>
  <testcase name="testGetDefaultLanguage" time="0.004" classname="views.register.RegisterFormUnitNGTest"/>
  <testcase name="testGetPasswordRepeat" time="0.006" classname="views.register.RegisterFormUnitNGTest"/>
  <testcase name="testGetFirstname" time="0.004" classname="views.register.RegisterFormUnitNGTest"/>
  <testcase name="testFormAfterCreation" time="0.007" classname="views.register.RegisterFormUnitNGTest"/>
  <testcase name="testGetPassword" time="0.003" classname="views.register.RegisterFormUnitNGTest"/>
  <testcase name="testGetPassword" time="0.002" classname="views.register.RegisterFormUnitNGTest"/>
  <testcase name="testDefaultLanguageValueChange" time="0.012" classname="views.register.RegisterFormUnitNGTest"/>
  <testcase name="testGetPasswordRepeat" time="0.003" classname="views.register.RegisterFormUnitNGTest"/>
  <testcase name="testGetFirstname" time="0.006" classname="views.register.RegisterFormUnitNGTest"/>
  <testcase name="testGetLastname" time="0.004" classname="views.register.RegisterFormUnitNGTest"/>
  <testcase name="testGetEmail" time="0.005" classname="views.register.RegisterFormUnitNGTest"/>
  <testcase name="testGetBirthDate" time="0.011" classname="views.register.RegisterFormUnitNGTest"/>
  <testcase name="testGetPassword" time="0.008" classname="views.register.RegisterFormUnitNGTest"/>
  <testcase name="testGetFirstname" time="0.006" classname="views.register.RegisterFormUnitNGTest"/>
  <testcase name="testGetBirthDate" time="0.003" classname="views.register.RegisterFormUnitNGTest"/>
  <testcase name="testGetEmail" time="0.003" classname="views.register.RegisterFormUnitNGTest"/>
</testsuite> <!-- views.register.RegisterFormUnitNGTest -->
